# JRE version: Java(TM) SE Runtime Environment (8.0_251-b08) (build 1.8.0_251-b08)
# Java VM: Java HotSpot(TM) 64-Bit Server VM (25.251-b08 mixed mode windows-amd64 compressed oops)
Heap:
 PSYoungGen      total 267776K, used 181316K [0x00000000eb200000, 0x00000000fd100000, 0x0000000100000000)
  eden space 248320K, 72% used [0x00000000eb200000,0x00000000f6279280,0x00000000fa480000)
  from space 19456K, 3% used [0x00000000fa480000,0x00000000fa518020,0x00000000fb780000)
  to   space 19456K, 0% used [0x00000000fbe00000,0x00000000fbe00000,0x00000000fd100000)
 ParOldGen       total 82944K, used 36233K [0x00000000c1600000, 0x00000000c6700000, 0x00000000eb200000)
  object space 82944K, 43% used [0x00000000c1600000,0x00000000c3962560,0x00000000c6700000)
 Metaspace       used 75290K, capacity 80294K, committed 80536K, reserved 1120256K
  class space    used 9881K, capacity 10672K, committed 10672K, reserved 1048576K
GC Heap History (10 events):
Event: 262.594 GC heap before
{Heap before GC invocations=34 (full 3):
 PSYoungGen      total 244224K, used 238432K [0x00000000eb200000, 0x00000000fb200000, 0x0000000100000000)
  eden space 226304K, 100% used [0x00000000eb200000,0x00000000f8f00000,0x00000000f8f00000)
  from space 17920K, 67% used [0x00000000fa080000,0x00000000fac58120,0x00000000fb200000)
  to   space 17920K, 0% used [0x00000000f8f00000,0x00000000f8f00000,0x00000000fa080000)
 ParOldGen       total 82944K, used 24799K [0x00000000c1600000, 0x00000000c6700000, 0x00000000eb200000)
  object space 82944K, 29% used [0x00000000c1600000,0x00000000c2e37d60,0x00000000c6700000)
 Metaspace       used 75218K, capacity 80294K, committed 80536K, reserved 1120256K
  class space    used 9877K, capacity 10672K, committed 10672K, reserved 1048576K
Event: 262.780 GC heap after
Heap after GC invocations=34 (full 3):
 PSYoungGen      total 244224K, used 7712K [0x00000000eb200000, 0x00000000fc200000, 0x0000000100000000)
  eden space 226304K, 0% used [0x00000000eb200000,0x00000000eb200000,0x00000000f8f00000)
  from space 17920K, 43% used [0x00000000f8f00000,0x00000000f96880e0,0x00000000fa080000)
  to   space 17920K, 0% used [0x00000000fb080000,0x00000000fb080000,0x00000000fc200000)
 ParOldGen       total 82944K, used 29155K [0x00000000c1600000, 0x00000000c6700000, 0x00000000eb200000)
  object space 82944K, 35% used [0x00000000c1600000,0x00000000c3278db0,0x00000000c6700000)
 Metaspace       used 75218K, capacity 80294K, committed 80536K, reserved 1120256K
  class space    used 9877K, capacity 10672K, committed 10672K, reserved 1048576K
}
Event: 279.153 GC heap before
{Heap before GC invocations=35 (full 3):
 PSYoungGen      total 244224K, used 234016K [0x00000000eb200000, 0x00000000fc200000, 0x0000000100000000)
  eden space 226304K, 100% used [0x00000000eb200000,0x00000000f8f00000,0x00000000f8f00000)
  from space 17920K, 43% used [0x00000000f8f00000,0x00000000f96880e0,0x00000000fa080000)
  to   space 17920K, 0% used [0x00000000fb080000,0x00000000fb080000,0x00000000fc200000)
 ParOldGen       total 82944K, used 29155K [0x00000000c1600000, 0x00000000c6700000, 0x00000000eb200000)
  object space 82944K, 35% used [0x00000000c1600000,0x00000000c3278db0,0x00000000c6700000)
 Metaspace       used 75244K, capacity 80294K, committed 80536K, reserved 1120256K
  class space    used 9880K, capacity 10672K, committed 10672K, reserved 1048576K
Event: 279.191 GC heap after
Heap after GC invocations=35 (full 3):
 PSYoungGen      total 256512K, used 2952K [0x00000000eb200000, 0x00000000fc080000, 0x0000000100000000)
  eden space 240128K, 0% used [0x00000000eb200000,0x00000000eb200000,0x00000000f9c80000)
  from space 16384K, 18% used [0x00000000fb080000,0x00000000fb3620e0,0x00000000fc080000)
  to   space 18432K, 0% used [0x00000000f9c80000,0x00000000f9c80000,0x00000000fae80000)
 ParOldGen       total 82944K, used 33927K [0x00000000c1600000, 0x00000000c6700000, 0x00000000eb200000)
  object space 82944K, 40% used [0x00000000c1600000,0x00000000c3721d20,0x00000000c6700000)
 Metaspace       used 75244K, capacity 80294K, committed 80536K, reserved 1120256K
  class space    used 9880K, capacity 10672K, committed 10672K, reserved 1048576K
}
Event: 306.774 GC heap before
{Heap before GC invocations=36 (full 3):
 PSYoungGen      total 256512K, used 243080K [0x00000000eb200000, 0x00000000fc080000, 0x0000000100000000)
  eden space 240128K, 100% used [0x00000000eb200000,0x00000000f9c80000,0x00000000f9c80000)
  from space 16384K, 18% used [0x00000000fb080000,0x00000000fb3620e0,0x00000000fc080000)
  to   space 18432K, 0% used [0x00000000f9c80000,0x00000000f9c80000,0x00000000fae80000)
 ParOldGen       total 82944K, used 33927K [0x00000000c1600000, 0x00000000c6700000, 0x00000000eb200000)
  object space 82944K, 40% used [0x00000000c1600000,0x00000000c3721d20,0x00000000c6700000)
 Metaspace       used 75248K, capacity 80294K, committed 80536K, reserved 1120256K
  class space    used 9880K, capacity 10672K, committed 10672K, reserved 1048576K
Event: 306.810 GC heap after
Heap after GC invocations=36 (full 3):
 PSYoungGen      total 258560K, used 800K [0x00000000eb200000, 0x00000000fcb80000, 0x0000000100000000)
  eden space 240128K, 0% used [0x00000000eb200000,0x00000000eb200000,0x00000000f9c80000)
  from space 18432K, 4% used [0x00000000f9c80000,0x00000000f9d48020,0x00000000fae80000)
  to   space 18944K, 0% used [0x00000000fb900000,0x00000000fb900000,0x00000000fcb80000)
 ParOldGen       total 82944K, used 36105K [0x00000000c1600000, 0x00000000c6700000, 0x00000000eb200000)
  object space 82944K, 43% used [0x00000000c1600000,0x00000000c3942560,0x00000000c6700000)
 Metaspace       used 75248K, capacity 80294K, committed 80536K, reserved 1120256K
  class space    used 9880K, capacity 10672K, committed 10672K, reserved 1048576K
}
Event: 335.025 GC heap before
{Heap before GC invocations=37 (full 3):
 PSYoungGen      total 258560K, used 240928K [0x00000000eb200000, 0x00000000fcb80000, 0x0000000100000000)
  eden space 240128K, 100% used [0x00000000eb200000,0x00000000f9c80000,0x00000000f9c80000)
  from space 18432K, 4% used [0x00000000f9c80000,0x00000000f9d48020,0x00000000fae80000)
  to   space 18944K, 0% used [0x00000000fb900000,0x00000000fb900000,0x00000000fcb80000)
 ParOldGen       total 82944K, used 36105K [0x00000000c1600000, 0x00000000c6700000, 0x00000000eb200000)
  object space 82944K, 43% used [0x00000000c1600000,0x00000000c3942560,0x00000000c6700000)
 Metaspace       used 75258K, capacity 80294K, committed 80536K, reserved 1120256K
  class space    used 9881K, capacity 10672K, committed 10672K, reserved 1048576K
Event: 335.030 GC heap after
Heap after GC invocations=37 (full 3):
 PSYoungGen      total 266240K, used 784K [0x00000000eb200000, 0x00000000fca80000, 0x0000000100000000)
  eden space 248320K, 0% used [0x00000000eb200000,0x00000000eb200000,0x00000000fa480000)
  from space 17920K, 4% used [0x00000000fb900000,0x00000000fb9c4030,0x00000000fca80000)
  to   space 19456K, 0% used [0x00000000fa480000,0x00000000fa480000,0x00000000fb780000)
 ParOldGen       total 82944K, used 36193K [0x00000000c1600000, 0x00000000c6700000, 0x00000000eb200000)
  object space 82944K, 43% used [0x00000000c1600000,0x00000000c3958560,0x00000000c6700000)
 Metaspace       used 75258K, capacity 80294K, committed 80536K, reserved 1120256K
  class space    used 9881K, capacity 10672K, committed 10672K, reserved 1048576K
}
Event: 397.102 GC heap before
{Heap before GC invocations=38 (full 3):
 PSYoungGen      total 266240K, used 249104K [0x00000000eb200000, 0x00000000fca80000, 0x0000000100000000)
  eden space 248320K, 100% used [0x00000000eb200000,0x00000000fa480000,0x00000000fa480000)
  from space 17920K, 4% used [0x00000000fb900000,0x00000000fb9c4030,0x00000000fca80000)
  to   space 19456K, 0% used [0x00000000fa480000,0x00000000fa480000,0x00000000fb780000)
 ParOldGen       total 82944K, used 36193K [0x00000000c1600000, 0x00000000c6700000, 0x00000000eb200000)
  object space 82944K, 43% used [0x00000000c1600000,0x00000000c3958560,0x00000000c6700000)
 Metaspace       used 75280K, capacity 80294K, committed 80536K, reserved 1120256K
  class space    used 9881K, capacity 10672K, committed 10672K, reserved 1048576K
Event: 397.119 GC heap after
Heap after GC invocations=38 (full 3):
 PSYoungGen      total 267776K, used 608K [0x00000000eb200000, 0x00000000fd100000, 0x0000000100000000)
  eden space 248320K, 0% used [0x00000000eb200000,0x00000000eb200000,0x00000000fa480000)
  from space 19456K, 3% used [0x00000000fa480000,0x00000000fa518020,0x00000000fb780000)
  to   space 19456K, 0% used [0x00000000fbe00000,0x00000000fbe00000,0x00000000fd100000)
 ParOldGen       total 82944K, used 36233K [0x00000000c1600000, 0x00000000c6700000, 0x00000000eb200000)
  object space 82944K, 43% used [0x00000000c1600000,0x00000000c3962560,0x00000000c6700000)
 Metaspace       used 75280K, capacity 80294K, committed 80536K, reserved 1120256K
  class space    used 9881K, capacity 10672K, committed 10672K, reserved 1048576K
}

